<?xml version="1.0" encoding="UTF-8"?>
<testng-results skipped="0" failed="0" ignored="0" total="1" passed="1">
  <reporter-output>
  </reporter-output>
  <suite name="com.zeroten.flow.IfElseTest" duration-ms="83" started-at="2019-12-07T13:54:24 CST" finished-at="2019-12-07T13:54:24 CST">
    <groups>
    </groups>
    <test name="Command line test" duration-ms="83" started-at="2019-12-07T13:54:24 CST" finished-at="2019-12-07T13:54:24 CST">
      <class name="com.zeroten.flow.IfElseTest">
        <test-method status="PASS" signature="testIfElse()[pri:0, instance:com.zeroten.flow.IfElseTest@5419f379]" name="testIfElse" duration-ms="12" started-at="2019-12-07T13:54:24 CST" finished-at="2019-12-07T13:54:24 CST">
          <reporter-output>
          </reporter-output>
        </test-method> <!-- testIfElse -->
      </class> <!-- com.zeroten.flow.IfElseTest -->
    </test> <!-- Command line test -->
  </suite> <!-- com.zeroten.flow.IfElseTest -->
</testng-results>
